[20:51:32] [main/INFO]: Loading Minecraft 1.21.8 with Fabric Loader 0.16.14
[20:51:33] [main/INFO]: Loading 47 mods:
	- architectury 17.0.8
	- cloth-config 19.0.147
	   \-- cloth-basic-math 0.6.1
	- fabric-api 0.136.1+1.21.8
	   |-- fabric-api-base 0.5.0+cd8c0daa2c
	   |-- fabric-api-lookup-api-v1 1.6.101+946bf4c32c
	   |-- fabric-biome-api-v1 16.1.0+c21d71cc2c
	   |-- fabric-block-api-v1 1.1.3+946bf4c32c
	   |-- fabric-block-view-api-v2 1.0.31+946bf4c32c
	   |-- fabric-command-api-v2 2.3.1+52fff9ec2c
	   |-- fabric-content-registries-v0 10.1.0+c75de69d2c
	   |-- fabric-convention-tags-v1 2.1.41+7f945d5b2c
	   |-- fabric-convention-tags-v2 2.15.6+eb5df52f2c
	   |-- fabric-crash-report-info-v1 0.3.15+946bf4c32c
	   |-- fabric-data-attachment-api-v1 1.8.14+97214db32c
	   |-- fabric-data-generation-api-v1 23.2.8+2e1c6d322c
	   |-- fabric-dimensions-v1 4.0.20+948fc79a2c
	   |-- fabric-entity-events-v1 2.1.2+c9e472732c
	   |-- fabric-events-interaction-v0 4.0.26+946bf4c32c
	   |-- fabric-game-rule-api-v1 1.0.73+c64c9c5b2c
	   |-- fabric-item-api-v1 11.5.0+02ce13f42c
	   |-- fabric-item-group-api-v1 4.2.14+c5f9bbc12c
	   |-- fabric-key-binding-api-v1 1.0.65+946bf4c32c
	   |-- fabric-lifecycle-events-v1 2.6.4+db4dfd852c
	   |-- fabric-loot-api-v2 3.0.56+3f89f5a52c
	   |-- fabric-loot-api-v3 2.0.3+946bf4c32c
	   |-- fabric-message-api-v1 6.1.2+946bf4c32c
	   |-- fabric-model-loading-api-v1 5.2.8+946bf4c32c
	   |-- fabric-networking-api-v1 5.1.0+57cb96dd2c
	   |-- fabric-object-builder-api-v1 21.1.10+946bf4c32c
	   |-- fabric-particles-v1 4.1.10+946bf4c32c
	   |-- fabric-recipe-api-v1 8.1.17+946bf4c32c
	   |-- fabric-registry-sync-v0 6.1.30+946bf4c32c
	   |-- fabric-renderer-api-v1 7.0.5+208eed172c
	   |-- fabric-renderer-indigo 4.0.5+946bf4c32c
	   |-- fabric-rendering-fluids-v1 3.1.31+fa6cb72b2c
	   |-- fabric-rendering-v1 12.6.0+486b7ff72c
	   |-- fabric-resource-conditions-api-v1 5.0.25+98e6d6db2c
	   |-- fabric-resource-loader-v0 3.1.12+020423442c
	   |-- fabric-screen-api-v1 2.2.0+e0cb65d02c
	   |-- fabric-screen-handler-api-v1 1.3.139+946bf4c32c
	   |-- fabric-serialization-api-v1 1.0.0+fc0e5aba2c
	   |-- fabric-sound-api-v1 1.0.42+946bf4c32c
	   |-- fabric-tag-api-v1 1.2.2+946bf4c32c
	   |-- fabric-transfer-api-v1 6.0.6+946bf4c32c
	   \-- fabric-transitive-access-wideners-v1 6.5.0+c847ce762c
	- fabricloader 0.16.14
	   \-- mixinextras 0.4.1
	- java 21
	- minecraft 1.21.8
	- roughlyenoughitems 20.0.811
	   \-- error_notifier 1.0.11
	- skinrestorer 2.4.3+1.21.6-fabric
	   \-- org_mineskin_java-client 3.0.6-SNAPSHOT
[20:51:33] [main/INFO]: SpongePowered MIXIN Subsystem Version=0.8.7 Source=file:/workspaces/asd/servidor_minecraft/libraries/net/fabricmc/sponge-mixin/0.15.5+mixin.0.8.7/sponge-mixin-0.15.5+mixin.0.8.7.jar Service=Knot/Fabric Env=SERVER
[20:51:33] [main/INFO]: Compatibility level set to JAVA_16
[20:51:33] [main/INFO]: Compatibility level set to JAVA_21
[20:51:33] [main/INFO]: Initializing MixinExtras via com.llamalad7.mixinextras.service.MixinExtrasServiceImpl(version=0.4.1).
[20:51:41] [main/INFO]: Registering C2S receiver with id roughlyenoughitems:request_tags_c2s
[20:51:41] [main/INFO]: [REI] Registered plugin provider DefaultPlugin [roughlyenoughitems] for REICommonPlugin
[20:51:41] [main/INFO]: [REI] Registered plugin provider DefaultRuntimePlugin [roughlyenoughitems] for REICommonPlugin
[20:51:41] [main/INFO]: [REI] Registered plugin provider FabricFluidAPISupportPlugin for REICommonPlugin
[20:51:41] [main/INFO]: Registering C2S receiver with id roughlyenoughitems:delete_item
[20:51:41] [main/INFO]: Registering C2S receiver with id roughlyenoughitems:create_item
[20:51:41] [main/INFO]: Registering C2S receiver with id roughlyenoughitems:create_item_grab
[20:51:41] [main/INFO]: Registering C2S receiver with id roughlyenoughitems:create_item_hotbar
[20:51:41] [main/INFO]: Registering C2S receiver with id roughlyenoughitems:move_items_new
[20:51:41] [main/INFO]: Environment: Environment[sessionHost=https://sessionserver.mojang.com, servicesHost=https://api.minecraftservices.com, name=PROD]
[20:51:43] [main/INFO]: Loaded 1407 recipes
[20:51:43] [main/INFO]: Loaded 1520 advancements
[20:51:43] [main/INFO]: Applied 0 biome modifications to 0 of 65 new biomes in 1.615 ms
[20:51:43] [Server thread/INFO]: Starting minecraft server version 1.21.8
[20:51:43] [Server thread/INFO]: Loading properties
[20:51:43] [Server thread/INFO]: Default game type: SURVIVAL
[20:51:43] [Server thread/INFO]: Generating keypair
[20:51:44] [Server thread/INFO]: Starting Minecraft server on *:25565
[20:51:44] [Server thread/INFO]: Using epoll channel type
[20:51:44] [Server thread/WARN]: **** SERVER IS RUNNING IN OFFLINE/INSECURE MODE!
[20:51:44] [Server thread/WARN]: The server will make no attempt to authenticate usernames. Beware.
[20:51:44] [Server thread/WARN]: While this makes the game possible to play without internet access, it also opens up the ability for hackers to connect with any username they choose.
[20:51:44] [Server thread/WARN]: To change this, set "online-mode" to "true" in the server.properties file.
[20:51:44] [Server thread/INFO]: Preparing level "world"
[20:51:44] [Server thread/INFO]: Preparing start region for dimension minecraft:overworld
[20:51:47] [Worker-Main-1/INFO]: Preparing spawn area: 0%
[20:51:47] [Worker-Main-1/INFO]: Preparing spawn area: 0%
[20:51:47] [Worker-Main-1/INFO]: Preparing spawn area: 0%
[20:51:47] [Worker-Main-1/INFO]: Preparing spawn area: 0%
[20:51:47] [Worker-Main-1/INFO]: Preparing spawn area: 0%
[20:51:47] [Worker-Main-3/INFO]: Preparing spawn area: 18%
[20:51:47] [Server thread/INFO]: Time elapsed: 2657 ms
[20:51:47] [Server thread/INFO]: Done (3.084s)! For help, type "help"
[20:51:47] [Server thread/INFO]: [REI] @@@@@@@@@@@@@@@@@@@@@@@@@@@@@@@@@@@@@@@@
[20:51:47] [Server thread/INFO]: [REI] REICommonPlugin starting main-reload for START.
[20:51:47] [Server thread/INFO]: [REI] Plugins (3):
[20:51:47] [Server thread/INFO]: [REI]  - (-100.00) DefaultPlugin of DefaultPlugin [roughlyenoughitems]
[20:51:47] [Server thread/INFO]: [REI]  - (0.00) FabricFluidAPISupportPlugin
[20:51:47] [Server thread/INFO]: [REI]  - (0.00) DefaultRuntimePlugin of DefaultRuntimePlugin [roughlyenoughitems]
[20:51:47] [Server thread/INFO]: [REI] @@@@@@@@@@@@@@@@@@@@@@@@@@@@@@@@@@@@@@@@
[20:51:47] [Server thread/INFO]: [REI] REICommonPlugin finished post-reload for START in 2.503 ms, totaling 78.16 ms.
[20:51:47] [Server thread/INFO]: [REI] ~~~~~~~~~~~~~~~~~~~~~~~~~~~~~~~~~~~~~~~~
[20:51:47] [Server thread/INFO]: [REI] REICommonPlugin starting main-reload for END.
[20:51:47] [Server thread/INFO]: [REI] Plugins (3):
[20:51:47] [Server thread/INFO]: [REI]  - (-100.00) DefaultPlugin of DefaultPlugin [roughlyenoughitems]
[20:51:47] [Server thread/INFO]: [REI]  - (0.00) FabricFluidAPISupportPlugin
[20:51:47] [Server thread/INFO]: [REI]  - (0.00) DefaultRuntimePlugin of DefaultRuntimePlugin [roughlyenoughitems]
[20:51:47] [Server thread/INFO]: [REI] ~~~~~~~~~~~~~~~~~~~~~~~~~~~~~~~~~~~~~~~~
[20:51:47] [Server thread/INFO]: [REI] REICommonPlugin finished post-reload for END in 1.968 ms, totaling 88.94 ms.
[20:51:51] [Server thread/INFO]: Zairac74509[/127.139.2.19:49999] logged in with entity id 7 at (298.4577769223223, 57.0, -561.3000000119209)
[20:51:51] [Server thread/INFO]: Zairac74509 joined the game
[20:51:52] [Server thread/INFO]: Camilxdk1[/127.251.208.206:57579] logged in with entity id 59 at (276.69999998807907, 71.0, -474.8174630328218)
[20:51:52] [Server thread/INFO]: Camilxdk1 joined the game
[20:56:10] [Server thread/INFO]: Zairac74509 was fireballed by Blaze
[20:59:45] [Server thread/INFO]: Camilxdk1 was fireballed by Blaze
[21:00:28] [Server thread/INFO]: Camilxdk1 was slain by Zairac74509
[21:02:07] [Server thread/INFO]: [Not Secure] <Zairac74509> cogio como 10 bloques de hierro no se haga el tonto
[21:09:04] [Server thread/INFO]: [Not Secure] <Zairac74509> donde vuelva a coger de 10 bloques lo mato
[21:09:07] [Server thread/INFO]: [Not Secure] <Zairac74509> espereme aca
[21:09:18] [Server thread/INFO]: [Not Secure] <Zairac74509> le voy a echar la comida al perro
