[20:51:41] [main/INFO] ========================================
[20:51:41] [main/INFO] Minecraft: 1.21.8
[20:51:41] [main/INFO] Side: server
[20:51:41] [main/INFO] Development: false
[20:51:41] [main/INFO] Version: 20.0.811
[20:51:41] [main/INFO] Loader:
[20:51:41] [main/INFO] - Fabric: 0.16.14
[20:51:41] [main/INFO] - Fabric API: 0.136.1+1.21.8
[20:51:41] [main/INFO] Dependencies:
[20:51:41] [main/INFO] - Cloth Config: 19.0.147
[20:51:41] [main/INFO] - Architectury: 17.0.8
[20:51:41] [main/INFO] Mixin: 0.8.7
[20:51:41] [main/INFO] OS: Linux 6.8.0-1030-azure (amd64)
[20:51:41] [main/INFO] Java: 21.0.9 (Ubuntu)
[20:51:41] [main/INFO] ========================================
[20:51:41] [main/INFO] Mods:
[20:51:41] [main/INFO] - architectury: 17.0.8
[20:51:41] [main/INFO] - cloth-basic-math: 0.6.1
[20:51:41] [main/INFO] - cloth-config: 19.0.147
[20:51:41] [main/INFO] - cloth-config: 19.0.147
[20:51:41] [main/INFO] - error_notifier: 1.0.11
[20:51:41] [main/INFO] - fabric-api: 0.136.1+1.21.8
[20:51:41] [main/INFO] - fabric-api: 0.136.1+1.21.8
[20:51:41] [main/INFO] - fabric-api-base: 0.5.0+cd8c0daa2c
[20:51:41] [main/INFO] - fabric-api-lookup-api-v1: 1.6.101+946bf4c32c
[20:51:41] [main/INFO] - fabric-biome-api-v1: 16.1.0+c21d71cc2c
[20:51:41] [main/INFO] - fabric-block-api-v1: 1.1.3+946bf4c32c
[20:51:41] [main/INFO] - fabric-block-view-api-v2: 1.0.31+946bf4c32c
[20:51:41] [main/INFO] - fabric-command-api-v2: 2.3.1+52fff9ec2c
[20:51:41] [main/INFO] - fabric-content-registries-v0: 10.1.0+c75de69d2c
[20:51:41] [main/INFO] - fabric-convention-tags-v1: 2.1.41+7f945d5b2c
[20:51:41] [main/INFO] - fabric-convention-tags-v2: 2.15.6+eb5df52f2c
[20:51:41] [main/INFO] - fabric-crash-report-info-v1: 0.3.15+946bf4c32c
[20:51:41] [main/INFO] - fabric-data-attachment-api-v1: 1.8.14+97214db32c
[20:51:41] [main/INFO] - fabric-data-generation-api-v1: 23.2.8+2e1c6d322c
[20:51:41] [main/INFO] - fabric-dimensions-v1: 4.0.20+948fc79a2c
[20:51:41] [main/INFO] - fabric-entity-events-v1: 2.1.2+c9e472732c
[20:51:41] [main/INFO] - fabric-events-interaction-v0: 4.0.26+946bf4c32c
[20:51:41] [main/INFO] - fabric-game-rule-api-v1: 1.0.73+c64c9c5b2c
[20:51:41] [main/INFO] - fabric-item-api-v1: 11.5.0+02ce13f42c
[20:51:41] [main/INFO] - fabric-item-group-api-v1: 4.2.14+c5f9bbc12c
[20:51:41] [main/INFO] - fabric-lifecycle-events-v1: 2.6.4+db4dfd852c
[20:51:41] [main/INFO] - fabric-loot-api-v2: 3.0.56+3f89f5a52c
[20:51:41] [main/INFO] - fabric-loot-api-v3: 2.0.3+946bf4c32c
[20:51:41] [main/INFO] - fabric-message-api-v1: 6.1.2+946bf4c32c
[20:51:41] [main/INFO] - fabric-networking-api-v1: 5.1.0+57cb96dd2c
[20:51:41] [main/INFO] - fabric-object-builder-api-v1: 21.1.10+946bf4c32c
[20:51:41] [main/INFO] - fabric-particles-v1: 4.1.10+946bf4c32c
[20:51:41] [main/INFO] - fabric-recipe-api-v1: 8.1.17+946bf4c32c
[20:51:41] [main/INFO] - fabric-registry-sync-v0: 6.1.30+946bf4c32c
[20:51:41] [main/INFO] - fabric-rendering-fluids-v1: 3.1.31+fa6cb72b2c
[20:51:41] [main/INFO] - fabric-resource-conditions-api-v1: 5.0.25+98e6d6db2c
[20:51:41] [main/INFO] - fabric-resource-loader-v0: 3.1.12+020423442c
[20:51:41] [main/INFO] - fabric-screen-handler-api-v1: 1.3.139+946bf4c32c
[20:51:41] [main/INFO] - fabric-serialization-api-v1: 1.0.0+fc0e5aba2c
[20:51:41] [main/INFO] - fabric-tag-api-v1: 1.2.2+946bf4c32c
[20:51:41] [main/INFO] - fabric-transfer-api-v1: 6.0.6+946bf4c32c
[20:51:41] [main/INFO] - fabric-transitive-access-wideners-v1: 6.5.0+c847ce762c
[20:51:41] [main/INFO] - fabricloader: 0.16.14
[20:51:41] [main/INFO] - java: 21
[20:51:41] [main/INFO] - minecraft: 1.21.8
[20:51:41] [main/INFO] - mixinextras: 0.4.1
[20:51:41] [main/INFO] - org_mineskin_java-client: 3.0.6-SNAPSHOT
[20:51:41] [main/INFO] - roughlyenoughitems: 20.0.811
[20:51:41] [main/INFO] - skinrestorer: 2.4.3+1.21.6-fabric
[20:51:41] [main/INFO] ========================================
[20:51:41] [main/INFO] [REI] Registered plugin provider DefaultPlugin [roughlyenoughitems] for REICommonPlugin
[20:51:41] [main/INFO] [REI] Registered plugin provider DefaultRuntimePlugin [roughlyenoughitems] for REICommonPlugin
[20:51:41] [main/INFO] [REI] Registered plugin provider FabricFluidAPISupportPlugin for REICommonPlugin
[20:51:41] [main/DEBUG] [REI] Processed 5 tags in 736.4 μs for minecraft:game_event
[20:51:41] [main/DEBUG] [REI] Processed 43 tags in 247.1 μs for minecraft:entity_type
[20:51:41] [main/DEBUG] [REI] Processed 5 tags in 25.59 μs for minecraft:fluid
[20:51:41] [main/DEBUG] [REI] Processed 311 tags in 4.169 ms for minecraft:block
[20:51:42] [main/DEBUG] [REI] Processed 452 tags in 1.562 ms for minecraft:item
[20:51:42] [main/DEBUG] [REI] Processed 3 tags in 54.16 μs for minecraft:point_of_interest_type
[20:51:47] [Server thread/DEBUG] [REI] Starting Reload Plugins of stage null
java.lang.Throwable
	at knot//me.shedaniel.rei.impl.common.plugins.ReloadManagerImpl.reloadPlugins(ReloadManagerImpl.java:110)
	at knot//me.shedaniel.rei.RoughlyEnoughItemsCore.lambda$onInitialize$5(RoughlyEnoughItemsCore.java:157)
	at knot//dev.architectury.event.fabric.EventHandlerImpl.lambda$registerCommon$10(EventHandlerImpl.java:67)
	at knot//net.fabricmc.fabric.api.event.lifecycle.v1.ServerLifecycleEvents.lambda$static$2(ServerLifecycleEvents.java:49)
	at knot//net.minecraft.server.MinecraftServer.handler$zgm000$fabric-lifecycle-events-v1$afterSetupServer(MinecraftServer.java:2702)
	at knot//net.minecraft.server.MinecraftServer.method_29741(MinecraftServer.java:676)
	at knot//net.minecraft.server.MinecraftServer.method_29739(MinecraftServer.java:291)
	at java.base/java.lang.Thread.run(Thread.java:1583)
[20:51:47] [Server thread/DEBUG] [REI] ========================================
[20:51:47] [Server thread/DEBUG] [REI] REICommonPlugin starting pre-reload for START.
[20:51:47] [Server thread/DEBUG] [REI] Reloadables (8):
[20:51:47] [Server thread/DEBUG] [REI]  - SlotAccessorRegistryImpl
[20:51:47] [Server thread/DEBUG] [REI]  - EntryTypeRegistryImpl
[20:51:47] [Server thread/DEBUG] [REI]  - EntrySettingsAdapterRegistryImpl
[20:51:47] [Server thread/DEBUG] [REI]  - ItemComparatorRegistryImpl
[20:51:47] [Server thread/DEBUG] [REI]  - FluidComparatorRegistryImpl
[20:51:47] [Server thread/DEBUG] [REI]  - DisplaySerializerRegistryImpl
[20:51:47] [Server thread/DEBUG] [REI]  - ServerDisplayRegistryImpl
[20:51:47] [Server thread/DEBUG] [REI]  - FluidSupportProviderImpl
[20:51:47] [Server thread/DEBUG] [REI] Plugins (3):
[20:51:47] [Server thread/DEBUG] [REI]  - (-100.00) DefaultPlugin of DefaultPlugin [roughlyenoughitems]
[20:51:47] [Server thread/DEBUG] [REI]  - (0.00) FabricFluidAPISupportPlugin
[20:51:47] [Server thread/DEBUG] [REI]  - (0.00) DefaultRuntimePlugin of DefaultRuntimePlugin [roughlyenoughitems]
[20:51:47] [Server thread/DEBUG] [REI] ========================================
[20:51:47] [Server thread/TRACE] [REI] [REICommonPlugin START] Reloading Section: "pre-register/"
[20:51:47] [Server thread/TRACE] [REI] [REICommonPlugin START] Reloading Section: "pre-register/DefaultPlugin of DefaultPlugin [roughlyenoughitems]/"
[20:51:47] [Server thread/TRACE] [REI] [REICommonPlugin START] Reloading Section: "pre-register/DefaultPlugin of DefaultPlugin [roughlyenoughitems]/" done in 973.1 μs
[20:51:47] [Server thread/TRACE] [REI] [REICommonPlugin START] Reloading Section: "pre-register/FabricFluidAPISupportPlugin/"
[20:51:47] [Server thread/TRACE] [REI] [REICommonPlugin START] Reloading Section: "pre-register/FabricFluidAPISupportPlugin/" done in 76.43 μs
[20:51:47] [Server thread/TRACE] [REI] [REICommonPlugin START] Reloading Section: "pre-register/DefaultRuntimePlugin of DefaultRuntimePlugin [roughlyenoughitems]/"
[20:51:47] [Server thread/TRACE] [REI] [REICommonPlugin START] Reloading Section: "pre-register/DefaultRuntimePlugin of DefaultRuntimePlugin [roughlyenoughitems]/" done in 83.66 μs
[20:51:47] [Server thread/TRACE] [REI] [REICommonPlugin START] Reloading Section: "pre-register/" done in 9.044 ms
[20:51:47] [Server thread/TRACE] [REI] [REICommonPlugin START] Reloading Section: "pre-stage/"
[20:51:47] [Server thread/TRACE] [REI] [REICommonPlugin START] Reloading Section: "pre-stage/SlotAccessorRegistryImpl/"
[20:51:47] [Server thread/TRACE] [REI] [REICommonPlugin START] Reloading Section: "pre-stage/SlotAccessorRegistryImpl/" done in 210.3 μs
[20:51:47] [Server thread/TRACE] [REI] [REICommonPlugin START] Reloading Section: "pre-stage/EntryTypeRegistryImpl/"
[20:51:47] [Server thread/TRACE] [REI] [REICommonPlugin START] Reloading Section: "pre-stage/EntryTypeRegistryImpl/" done in 74.78 μs
[20:51:47] [Server thread/TRACE] [REI] [REICommonPlugin START] Reloading Section: "pre-stage/EntrySettingsAdapterRegistryImpl/"
[20:51:47] [Server thread/TRACE] [REI] [REICommonPlugin START] Reloading Section: "pre-stage/EntrySettingsAdapterRegistryImpl/" done in 55.92 μs
[20:51:47] [Server thread/TRACE] [REI] [REICommonPlugin START] Reloading Section: "pre-stage/ItemComparatorRegistryImpl/"
[20:51:47] [Server thread/TRACE] [REI] [REICommonPlugin START] Reloading Section: "pre-stage/ItemComparatorRegistryImpl/" done in 52.28 μs
[20:51:47] [Server thread/TRACE] [REI] [REICommonPlugin START] Reloading Section: "pre-stage/FluidComparatorRegistryImpl/"
[20:51:47] [Server thread/TRACE] [REI] [REICommonPlugin START] Reloading Section: "pre-stage/FluidComparatorRegistryImpl/" done in 51.83 μs
[20:51:47] [Server thread/TRACE] [REI] [REICommonPlugin START] Reloading Section: "pre-stage/DisplaySerializerRegistryImpl/"
[20:51:47] [Server thread/TRACE] [REI] [REICommonPlugin START] Reloading Section: "pre-stage/DisplaySerializerRegistryImpl/" done in 54.72 μs
[20:51:47] [Server thread/TRACE] [REI] [REICommonPlugin START] Reloading Section: "pre-stage/ServerDisplayRegistryImpl/"
[20:51:47] [Server thread/TRACE] [REI] [REICommonPlugin START] Reloading Section: "pre-stage/ServerDisplayRegistryImpl/" done in 52.99 μs
[20:51:47] [Server thread/TRACE] [REI] [REICommonPlugin START] Reloading Section: "pre-stage/FluidSupportProviderImpl/"
[20:51:47] [Server thread/TRACE] [REI] [REICommonPlugin START] Reloading Section: "pre-stage/FluidSupportProviderImpl/" done in 51.50 μs
[20:51:47] [Server thread/TRACE] [REI] [REICommonPlugin START] Reloading Section: "pre-stage/" done in 1.692 ms
[20:51:47] [Server thread/DEBUG] [REI] ========================================
[20:51:47] [Server thread/DEBUG] [REI] REICommonPlugin finished pre-reload for START in 11.31 ms.
[20:51:47] [Server thread/DEBUG] [REI] ========================================
[20:51:47] [Server thread/INFO] [REI] @@@@@@@@@@@@@@@@@@@@@@@@@@@@@@@@@@@@@@@@
[20:51:47] [Server thread/INFO] [REI] REICommonPlugin starting main-reload for START.
[20:51:47] [Server thread/DEBUG] [REI] Reloadables (8):
[20:51:47] [Server thread/DEBUG] [REI]  - SlotAccessorRegistryImpl
[20:51:47] [Server thread/DEBUG] [REI]  - EntryTypeRegistryImpl
[20:51:47] [Server thread/DEBUG] [REI]  - EntrySettingsAdapterRegistryImpl
[20:51:47] [Server thread/DEBUG] [REI]  - ItemComparatorRegistryImpl
[20:51:47] [Server thread/DEBUG] [REI]  - FluidComparatorRegistryImpl
[20:51:47] [Server thread/DEBUG] [REI]  - DisplaySerializerRegistryImpl
[20:51:47] [Server thread/DEBUG] [REI]  - ServerDisplayRegistryImpl
[20:51:47] [Server thread/DEBUG] [REI]  - FluidSupportProviderImpl
[20:51:47] [Server thread/INFO] [REI] Plugins (3):
[20:51:47] [Server thread/INFO] [REI]  - (-100.00) DefaultPlugin of DefaultPlugin [roughlyenoughitems]
[20:51:47] [Server thread/INFO] [REI]  - (0.00) FabricFluidAPISupportPlugin
[20:51:47] [Server thread/INFO] [REI]  - (0.00) DefaultRuntimePlugin of DefaultRuntimePlugin [roughlyenoughitems]
[20:51:47] [Server thread/INFO] [REI] @@@@@@@@@@@@@@@@@@@@@@@@@@@@@@@@@@@@@@@@
[20:51:47] [Server thread/TRACE] [REI] [REICommonPlugin START] Reloading Section: "start-reload/"
[20:51:47] [Server thread/TRACE] [REI] [REICommonPlugin START] Reloading Section: "start-reload/SlotAccessorRegistryImpl/"
[20:51:47] [Server thread/TRACE] [REI] [REICommonPlugin START] Reloading Section: "start-reload/SlotAccessorRegistryImpl/" done in 69.56 μs
[20:51:47] [Server thread/TRACE] [REI] [REICommonPlugin START] Reloading Section: "start-reload/EntryTypeRegistryImpl/"
[20:51:47] [Server thread/TRACE] [REI] [REICommonPlugin START] Reloading Section: "start-reload/EntryTypeRegistryImpl/" done in 78.24 μs
[20:51:47] [Server thread/TRACE] [REI] [REICommonPlugin START] Reloading Section: "start-reload/EntrySettingsAdapterRegistryImpl/"
[20:51:47] [Server thread/TRACE] [REI] [REICommonPlugin START] Reloading Section: "start-reload/EntrySettingsAdapterRegistryImpl/" done in 54.12 μs
[20:51:47] [Server thread/TRACE] [REI] [REICommonPlugin START] Reloading Section: "start-reload/ItemComparatorRegistryImpl/"
[20:51:47] [Server thread/TRACE] [REI] [REICommonPlugin START] Reloading Section: "start-reload/ItemComparatorRegistryImpl/" done in 68.70 μs
[20:51:47] [Server thread/TRACE] [REI] [REICommonPlugin START] Reloading Section: "start-reload/FluidComparatorRegistryImpl/"
[20:51:47] [Server thread/TRACE] [REI] [REICommonPlugin START] Reloading Section: "start-reload/FluidComparatorRegistryImpl/" done in 57.55 μs
[20:51:47] [Server thread/TRACE] [REI] [REICommonPlugin START] Reloading Section: "start-reload/DisplaySerializerRegistryImpl/"
[20:51:47] [Server thread/TRACE] [REI] [REICommonPlugin START] Reloading Section: "start-reload/DisplaySerializerRegistryImpl/" done in 57.23 μs
[20:51:47] [Server thread/TRACE] [REI] [REICommonPlugin START] Reloading Section: "start-reload/ServerDisplayRegistryImpl/"
[20:51:47] [Server thread/TRACE] [REI] [REICommonPlugin START] Reloading Section: "start-reload/ServerDisplayRegistryImpl/" done in 44.28 μs
[20:51:47] [Server thread/TRACE] [REI] [REICommonPlugin START] Reloading Section: "start-reload/FluidSupportProviderImpl/"
[20:51:47] [Server thread/TRACE] [REI] [REICommonPlugin START] Reloading Section: "start-reload/FluidSupportProviderImpl/" done in 56.25 μs
[20:51:47] [Server thread/TRACE] [REI] [REICommonPlugin START] Reloading Section: "start-reload/" done in 1.507 ms
[20:51:47] [Server thread/DEBUG] [REI] ========================================
[20:51:47] [Server thread/DEBUG] [REI] REICommonPlugin started main-reload for START.
[20:51:47] [Server thread/DEBUG] [REI] ========================================
[20:51:47] [Server thread/TRACE] [REI] [REICommonPlugin START] Reloading Section: "reloadable-plugin/SlotAccessorRegistryImpl/"
[20:51:47] [Server thread/TRACE] [REI] [REICommonPlugin START] Reloading Section: "reloadable-plugin/SlotAccessorRegistryImpl/DefaultPlugin of DefaultPlugin [roughlyenoughitems]/"
[20:51:47] [Server thread/TRACE] [REI] [REICommonPlugin START] Reloading Section: "reloadable-plugin/SlotAccessorRegistryImpl/DefaultPlugin of DefaultPlugin [roughlyenoughitems]/" done in 300.1 μs
[20:51:47] [Server thread/TRACE] [REI] [REICommonPlugin START] Reloading Section: "reloadable-plugin/SlotAccessorRegistryImpl/FabricFluidAPISupportPlugin/"
[20:51:47] [Server thread/TRACE] [REI] [REICommonPlugin START] Reloading Section: "reloadable-plugin/SlotAccessorRegistryImpl/FabricFluidAPISupportPlugin/" done in 60.65 μs
[20:51:47] [Server thread/TRACE] [REI] [REICommonPlugin START] Reloading Section: "reloadable-plugin/SlotAccessorRegistryImpl/DefaultRuntimePlugin of DefaultRuntimePlugin [roughlyenoughitems]/"
[20:51:47] [Server thread/TRACE] [REI] [REICommonPlugin START] Reloading Section: "reloadable-plugin/SlotAccessorRegistryImpl/DefaultRuntimePlugin of DefaultRuntimePlugin [roughlyenoughitems]/" done in 62.53 μs
[20:51:47] [Server thread/TRACE] [REI] [REICommonPlugin START] Reloading Section: "reloadable-plugin/SlotAccessorRegistryImpl/" done in 1.300 ms
[20:51:47] [Server thread/TRACE] [REI] [REICommonPlugin START] Reloading Section: "reloadable-plugin/EntryTypeRegistryImpl/"
[20:51:47] [Server thread/TRACE] [REI] [REICommonPlugin START] Reloading Section: "reloadable-plugin/EntryTypeRegistryImpl/DefaultPlugin of DefaultPlugin [roughlyenoughitems]/"
[20:51:47] [Server thread/TRACE] [REI] [REICommonPlugin START] Reloading Section: "reloadable-plugin/EntryTypeRegistryImpl/DefaultPlugin of DefaultPlugin [roughlyenoughitems]/" done in 75.44 μs
[20:51:47] [Server thread/TRACE] [REI] [REICommonPlugin START] Reloading Section: "reloadable-plugin/EntryTypeRegistryImpl/FabricFluidAPISupportPlugin/"
[20:51:47] [Server thread/TRACE] [REI] [REICommonPlugin START] Reloading Section: "reloadable-plugin/EntryTypeRegistryImpl/FabricFluidAPISupportPlugin/" done in 57.59 μs
[20:51:47] [Server thread/TRACE] [REI] [REICommonPlugin START] Reloading Section: "reloadable-plugin/EntryTypeRegistryImpl/DefaultRuntimePlugin of DefaultRuntimePlugin [roughlyenoughitems]/"
[20:51:47] [Server thread/TRACE] [REI] [REICommonPlugin START] Reloading Section: "reloadable-plugin/EntryTypeRegistryImpl/DefaultRuntimePlugin of DefaultRuntimePlugin [roughlyenoughitems]/" done in 4.600 ms
[20:51:47] [Server thread/TRACE] [REI] [REICommonPlugin START] Reloading Section: "reloadable-plugin/EntryTypeRegistryImpl/" done in 5.237 ms
[20:51:47] [Server thread/TRACE] [REI] [REICommonPlugin START] Reloading Section: "reloadable-plugin/EntrySettingsAdapterRegistryImpl/"
[20:51:47] [Server thread/TRACE] [REI] [REICommonPlugin START] Reloading Section: "reloadable-plugin/EntrySettingsAdapterRegistryImpl/DefaultPlugin of DefaultPlugin [roughlyenoughitems]/"
[20:51:47] [Server thread/TRACE] [REI] [REICommonPlugin START] Reloading Section: "reloadable-plugin/EntrySettingsAdapterRegistryImpl/DefaultPlugin of DefaultPlugin [roughlyenoughitems]/" done in 61.47 μs
[20:51:47] [Server thread/TRACE] [REI] [REICommonPlugin START] Reloading Section: "reloadable-plugin/EntrySettingsAdapterRegistryImpl/FabricFluidAPISupportPlugin/"
[20:51:47] [Server thread/TRACE] [REI] [REICommonPlugin START] Reloading Section: "reloadable-plugin/EntrySettingsAdapterRegistryImpl/FabricFluidAPISupportPlugin/" done in 61.50 μs
[20:51:47] [Server thread/TRACE] [REI] [REICommonPlugin START] Reloading Section: "reloadable-plugin/EntrySettingsAdapterRegistryImpl/DefaultRuntimePlugin of DefaultRuntimePlugin [roughlyenoughitems]/"
[20:51:47] [Server thread/TRACE] [REI] [REICommonPlugin START] Reloading Section: "reloadable-plugin/EntrySettingsAdapterRegistryImpl/DefaultRuntimePlugin of DefaultRuntimePlugin [roughlyenoughitems]/" done in 56.47 μs
[20:51:47] [Server thread/TRACE] [REI] [REICommonPlugin START] Reloading Section: "reloadable-plugin/EntrySettingsAdapterRegistryImpl/" done in 573.0 μs
[20:51:47] [Server thread/TRACE] [REI] [REICommonPlugin START] Reloading Section: "reloadable-plugin/ItemComparatorRegistryImpl/"
[20:51:47] [Server thread/TRACE] [REI] [REICommonPlugin START] Reloading Section: "reloadable-plugin/ItemComparatorRegistryImpl/DefaultPlugin of DefaultPlugin [roughlyenoughitems]/"
[20:51:47] [Server thread/TRACE] [REI] [REICommonPlugin START] Reloading Section: "reloadable-plugin/ItemComparatorRegistryImpl/DefaultPlugin of DefaultPlugin [roughlyenoughitems]/" done in 824.6 μs
[20:51:47] [Server thread/TRACE] [REI] [REICommonPlugin START] Reloading Section: "reloadable-plugin/ItemComparatorRegistryImpl/FabricFluidAPISupportPlugin/"
[20:51:47] [Server thread/TRACE] [REI] [REICommonPlugin START] Reloading Section: "reloadable-plugin/ItemComparatorRegistryImpl/FabricFluidAPISupportPlugin/" done in 64.95 μs
[20:51:47] [Server thread/TRACE] [REI] [REICommonPlugin START] Reloading Section: "reloadable-plugin/ItemComparatorRegistryImpl/DefaultRuntimePlugin of DefaultRuntimePlugin [roughlyenoughitems]/"
[20:51:47] [Server thread/TRACE] [REI] [REICommonPlugin START] Reloading Section: "reloadable-plugin/ItemComparatorRegistryImpl/DefaultRuntimePlugin of DefaultRuntimePlugin [roughlyenoughitems]/" done in 57.67 μs
[20:51:47] [Server thread/TRACE] [REI] [REICommonPlugin START] Reloading Section: "reloadable-plugin/ItemComparatorRegistryImpl/" done in 1.479 ms
[20:51:47] [Server thread/TRACE] [REI] [REICommonPlugin START] Reloading Section: "reloadable-plugin/FluidComparatorRegistryImpl/"
[20:51:47] [Server thread/TRACE] [REI] [REICommonPlugin START] Reloading Section: "reloadable-plugin/FluidComparatorRegistryImpl/DefaultPlugin of DefaultPlugin [roughlyenoughitems]/"
[20:51:47] [Server thread/TRACE] [REI] [REICommonPlugin START] Reloading Section: "reloadable-plugin/FluidComparatorRegistryImpl/DefaultPlugin of DefaultPlugin [roughlyenoughitems]/" done in 63.67 μs
[20:51:47] [Server thread/TRACE] [REI] [REICommonPlugin START] Reloading Section: "reloadable-plugin/FluidComparatorRegistryImpl/FabricFluidAPISupportPlugin/"
[20:51:47] [Server thread/TRACE] [REI] [REICommonPlugin START] Reloading Section: "reloadable-plugin/FluidComparatorRegistryImpl/FabricFluidAPISupportPlugin/" done in 105.4 μs
[20:51:47] [Server thread/TRACE] [REI] [REICommonPlugin START] Reloading Section: "reloadable-plugin/FluidComparatorRegistryImpl/DefaultRuntimePlugin of DefaultRuntimePlugin [roughlyenoughitems]/"
[20:51:47] [Server thread/TRACE] [REI] [REICommonPlugin START] Reloading Section: "reloadable-plugin/FluidComparatorRegistryImpl/DefaultRuntimePlugin of DefaultRuntimePlugin [roughlyenoughitems]/" done in 71.47 μs
[20:51:47] [Server thread/TRACE] [REI] [REICommonPlugin START] Reloading Section: "reloadable-plugin/FluidComparatorRegistryImpl/" done in 614.1 μs
[20:51:47] [Server thread/TRACE] [REI] [REICommonPlugin START] Reloading Section: "reloadable-plugin/DisplaySerializerRegistryImpl/"
[20:51:47] [Server thread/TRACE] [REI] [REICommonPlugin START] Reloading Section: "reloadable-plugin/DisplaySerializerRegistryImpl/DefaultPlugin of DefaultPlugin [roughlyenoughitems]/"
[20:51:47] [Server thread/DEBUG] [REI] Added display serializer [minecraft:client/crafting/shaped] me.shedaniel.rei.api.common.display.DisplaySerializer$1@607edfa7
[20:51:47] [Server thread/DEBUG] [REI] Added display serializer [minecraft:client/crafting/shapeless] me.shedaniel.rei.api.common.display.DisplaySerializer$1@72d4383c
[20:51:47] [Server thread/DEBUG] [REI] Added display serializer [minecraft:client/smelting] me.shedaniel.rei.api.common.display.DisplaySerializer$1@232ab588
[20:51:47] [Server thread/DEBUG] [REI] Added display serializer [minecraft:client/smoking] me.shedaniel.rei.api.common.display.DisplaySerializer$1@289599d6
[20:51:47] [Server thread/DEBUG] [REI] Added display serializer [minecraft:client/blasting] me.shedaniel.rei.api.common.display.DisplaySerializer$1@41b8f735
[20:51:47] [Server thread/DEBUG] [REI] Added display serializer [minecraft:default/crafting/shaped] me.shedaniel.rei.api.common.display.DisplaySerializer$1@78d424c3
[20:51:47] [Server thread/DEBUG] [REI] Added display serializer [minecraft:default/crafting/shapeless] me.shedaniel.rei.api.common.display.DisplaySerializer$1@364a79c9
[20:51:47] [Server thread/DEBUG] [REI] Added display serializer [minecraft:default/crafting/custom] me.shedaniel.rei.api.common.display.DisplaySerializer$1@27b8accc
[20:51:47] [Server thread/DEBUG] [REI] Added display serializer [minecraft:default/crafting/custom_shaped] me.shedaniel.rei.api.common.display.DisplaySerializer$1@78f44780
[20:51:47] [Server thread/DEBUG] [REI] Added display serializer [minecraft:default/crafting/custom_shapeless] me.shedaniel.rei.api.common.display.DisplaySerializer$1@7ae12bcf
[20:51:47] [Server thread/DEBUG] [REI] Added display serializer [minecraft:extension/crafting/map_extending] me.shedaniel.rei.api.common.display.DisplaySerializer$1@406929b8
[20:51:47] [Server thread/DEBUG] [REI] Added display serializer [minecraft:default/smelting] me.shedaniel.rei.api.common.display.DisplaySerializer$1@77e46467
[20:51:47] [Server thread/DEBUG] [REI] Added display serializer [minecraft:default/smoking] me.shedaniel.rei.api.common.display.DisplaySerializer$1@79087d10
[20:51:47] [Server thread/DEBUG] [REI] Added display serializer [minecraft:default/blasting] me.shedaniel.rei.api.common.display.DisplaySerializer$1@55586ccc
[20:51:47] [Server thread/DEBUG] [REI] Added display serializer [minecraft:default/campfire] me.shedaniel.rei.api.common.display.DisplaySerializer$1@579a6b3d
[20:51:47] [Server thread/DEBUG] [REI] Added display serializer [minecraft:default/stone_cutting] me.shedaniel.rei.api.common.display.DisplaySerializer$1@592ba22e
[20:51:47] [Server thread/DEBUG] [REI] Added display serializer [minecraft:default/stripping] me.shedaniel.rei.api.common.display.DisplaySerializer$1@73da1386
[20:51:47] [Server thread/DEBUG] [REI] Added display serializer [minecraft:default/brewing] me.shedaniel.rei.api.common.display.DisplaySerializer$1@1df1c0dd
[20:51:47] [Server thread/DEBUG] [REI] Added display serializer [minecraft:default/composting] me.shedaniel.rei.api.common.display.DisplaySerializer$1@126c90f8
[20:51:47] [Server thread/DEBUG] [REI] Added display serializer [minecraft:default/fuel] me.shedaniel.rei.api.common.display.DisplaySerializer$1@4b98bf9e
[20:51:47] [Server thread/DEBUG] [REI] Added display serializer [minecraft:default/smithing] me.shedaniel.rei.api.common.display.DisplaySerializer$1@2b53514
[20:51:47] [Server thread/DEBUG] [REI] Added display serializer [minecraft:default/smithing/trimming] me.shedaniel.rei.api.common.display.DisplaySerializer$1@6bb20074
[20:51:47] [Server thread/DEBUG] [REI] Added display serializer [minecraft:default/anvil] me.shedaniel.rei.api.common.display.DisplaySerializer$1@796878b3
[20:51:47] [Server thread/DEBUG] [REI] Added display serializer [minecraft:default/beacon_base] me.shedaniel.rei.api.common.display.DisplaySerializer$1@2cd50dea
[20:51:47] [Server thread/DEBUG] [REI] Added display serializer [minecraft:default/beacon_payment] me.shedaniel.rei.api.common.display.DisplaySerializer$1@d93f40f
[20:51:47] [Server thread/DEBUG] [REI] Added display serializer [minecraft:default/tilling] me.shedaniel.rei.api.common.display.DisplaySerializer$1@28462dfd
[20:51:47] [Server thread/DEBUG] [REI] Added display serializer [minecraft:default/pathing] me.shedaniel.rei.api.common.display.DisplaySerializer$1@339f20f8
[20:51:47] [Server thread/DEBUG] [REI] Added display serializer [minecraft:default/waxing] me.shedaniel.rei.api.common.display.DisplaySerializer$1@2823b717
[20:51:47] [Server thread/DEBUG] [REI] Added display serializer [minecraft:default/waxing_scraping] me.shedaniel.rei.api.common.display.DisplaySerializer$1@915e60f
[20:51:47] [Server thread/DEBUG] [REI] Added display serializer [minecraft:default/oxidizing] me.shedaniel.rei.api.common.display.DisplaySerializer$1@2f5da3f3
[20:51:47] [Server thread/DEBUG] [REI] Added display serializer [minecraft:default/oxidizing_scraping] me.shedaniel.rei.api.common.display.DisplaySerializer$1@3c70a997
[20:51:47] [Server thread/DEBUG] [REI] Added display serializer [roughlyenoughitems:default/information] me.shedaniel.rei.api.common.display.DisplaySerializer$1@134ff1af
[20:51:47] [Server thread/TRACE] [REI] [REICommonPlugin START] Reloading Section: "reloadable-plugin/DisplaySerializerRegistryImpl/DefaultPlugin of DefaultPlugin [roughlyenoughitems]/" done in 44.88 ms
[20:51:47] [Server thread/TRACE] [REI] [REICommonPlugin START] Reloading Section: "reloadable-plugin/DisplaySerializerRegistryImpl/FabricFluidAPISupportPlugin/"
[20:51:47] [Server thread/TRACE] [REI] [REICommonPlugin START] Reloading Section: "reloadable-plugin/DisplaySerializerRegistryImpl/FabricFluidAPISupportPlugin/" done in 64.99 μs
[20:51:47] [Server thread/TRACE] [REI] [REICommonPlugin START] Reloading Section: "reloadable-plugin/DisplaySerializerRegistryImpl/DefaultRuntimePlugin of DefaultRuntimePlugin [roughlyenoughitems]/"
[20:51:47] [Server thread/TRACE] [REI] [REICommonPlugin START] Reloading Section: "reloadable-plugin/DisplaySerializerRegistryImpl/DefaultRuntimePlugin of DefaultRuntimePlugin [roughlyenoughitems]/" done in 56.57 μs
[20:51:47] [Server thread/TRACE] [REI] [REICommonPlugin START] Reloading Section: "reloadable-plugin/DisplaySerializerRegistryImpl/" done in 45.48 ms
[20:51:47] [Server thread/TRACE] [REI] [REICommonPlugin START] Reloading Section: "reloadable-plugin/ServerDisplayRegistryImpl/"
[20:51:47] [Server thread/TRACE] [REI] [REICommonPlugin START] Reloading Section: "reloadable-plugin/ServerDisplayRegistryImpl/DefaultPlugin of DefaultPlugin [roughlyenoughitems]/"
[20:51:47] [Server thread/TRACE] [REI] [REICommonPlugin START] Reloading Section: "reloadable-plugin/ServerDisplayRegistryImpl/DefaultPlugin of DefaultPlugin [roughlyenoughitems]/" done in 52.34 μs
[20:51:47] [Server thread/TRACE] [REI] [REICommonPlugin START] Reloading Section: "reloadable-plugin/ServerDisplayRegistryImpl/FabricFluidAPISupportPlugin/"
[20:51:47] [Server thread/TRACE] [REI] [REICommonPlugin START] Reloading Section: "reloadable-plugin/ServerDisplayRegistryImpl/FabricFluidAPISupportPlugin/" done in 62.46 μs
[20:51:47] [Server thread/TRACE] [REI] [REICommonPlugin START] Reloading Section: "reloadable-plugin/ServerDisplayRegistryImpl/DefaultRuntimePlugin of DefaultRuntimePlugin [roughlyenoughitems]/"
[20:51:47] [Server thread/TRACE] [REI] [REICommonPlugin START] Reloading Section: "reloadable-plugin/ServerDisplayRegistryImpl/DefaultRuntimePlugin of DefaultRuntimePlugin [roughlyenoughitems]/" done in 66.30 μs
[20:51:47] [Server thread/TRACE] [REI] [REICommonPlugin START] Reloading Section: "reloadable-plugin/ServerDisplayRegistryImpl/" done in 702.5 μs
[20:51:47] [Server thread/TRACE] [REI] [REICommonPlugin START] Reloading Section: "reloadable-plugin/FluidSupportProviderImpl/"
[20:51:47] [Server thread/TRACE] [REI] [REICommonPlugin START] Reloading Section: "reloadable-plugin/FluidSupportProviderImpl/DefaultPlugin of DefaultPlugin [roughlyenoughitems]/"
[20:51:47] [Server thread/TRACE] [REI] [REICommonPlugin START] Reloading Section: "reloadable-plugin/FluidSupportProviderImpl/DefaultPlugin of DefaultPlugin [roughlyenoughitems]/" done in 338.9 μs
[20:51:47] [Server thread/TRACE] [REI] [REICommonPlugin START] Reloading Section: "reloadable-plugin/FluidSupportProviderImpl/FabricFluidAPISupportPlugin/"
[20:51:47] [Server thread/TRACE] [REI] [REICommonPlugin START] Reloading Section: "reloadable-plugin/FluidSupportProviderImpl/FabricFluidAPISupportPlugin/" done in 268.5 μs
[20:51:47] [Server thread/TRACE] [REI] [REICommonPlugin START] Reloading Section: "reloadable-plugin/FluidSupportProviderImpl/DefaultRuntimePlugin of DefaultRuntimePlugin [roughlyenoughitems]/"
[20:51:47] [Server thread/TRACE] [REI] [REICommonPlugin START] Reloading Section: "reloadable-plugin/FluidSupportProviderImpl/DefaultRuntimePlugin of DefaultRuntimePlugin [roughlyenoughitems]/" done in 136.2 μs
[20:51:47] [Server thread/TRACE] [REI] [REICommonPlugin START] Reloading Section: "reloadable-plugin/FluidSupportProviderImpl/" done in 1.346 ms
[20:51:47] [Server thread/DEBUG] [REI] ========================================
[20:51:47] [Server thread/DEBUG] [REI] REICommonPlugin ending main-reload for START.
[20:51:47] [Server thread/DEBUG] [REI] ========================================
[20:51:47] [Server thread/TRACE] [REI] [REICommonPlugin START] Reloading Section: "end-reload/"
[20:51:47] [Server thread/TRACE] [REI] [REICommonPlugin START] Reloading Section: "end-reload/SlotAccessorRegistryImpl/"
[20:51:47] [Server thread/TRACE] [REI] [REICommonPlugin START] Reloading Section: "end-reload/SlotAccessorRegistryImpl/" done in 68.96 μs
[20:51:47] [Server thread/TRACE] [REI] [REICommonPlugin START] Reloading Section: "end-reload/EntryTypeRegistryImpl/"
[20:51:47] [Server thread/TRACE] [REI] [REICommonPlugin START] Reloading Section: "end-reload/EntryTypeRegistryImpl/" done in 53.28 μs
[20:51:47] [Server thread/TRACE] [REI] [REICommonPlugin START] Reloading Section: "end-reload/EntrySettingsAdapterRegistryImpl/"
[20:51:47] [Server thread/TRACE] [REI] [REICommonPlugin START] Reloading Section: "end-reload/EntrySettingsAdapterRegistryImpl/" done in 48.45 μs
[20:51:47] [Server thread/TRACE] [REI] [REICommonPlugin START] Reloading Section: "end-reload/ItemComparatorRegistryImpl/"
[20:51:47] [Server thread/TRACE] [REI] [REICommonPlugin START] Reloading Section: "end-reload/ItemComparatorRegistryImpl/" done in 50.26 μs
[20:51:47] [Server thread/TRACE] [REI] [REICommonPlugin START] Reloading Section: "end-reload/FluidComparatorRegistryImpl/"
[20:51:47] [Server thread/TRACE] [REI] [REICommonPlugin START] Reloading Section: "end-reload/FluidComparatorRegistryImpl/" done in 57.07 μs
[20:51:47] [Server thread/TRACE] [REI] [REICommonPlugin START] Reloading Section: "end-reload/DisplaySerializerRegistryImpl/"
[20:51:47] [Server thread/TRACE] [REI] [REICommonPlugin START] Reloading Section: "end-reload/DisplaySerializerRegistryImpl/" done in 49.71 μs
[20:51:47] [Server thread/TRACE] [REI] [REICommonPlugin START] Reloading Section: "end-reload/ServerDisplayRegistryImpl/"
[20:51:47] [Server thread/TRACE] [REI] [REICommonPlugin START] Reloading Section: "end-reload/ServerDisplayRegistryImpl/" done in 53.65 μs
[20:51:47] [Server thread/TRACE] [REI] [REICommonPlugin START] Reloading Section: "end-reload/FluidSupportProviderImpl/"
[20:51:47] [Server thread/TRACE] [REI] [REICommonPlugin START] Reloading Section: "end-reload/FluidSupportProviderImpl/" done in 69.75 μs
[20:51:47] [Server thread/TRACE] [REI] [REICommonPlugin START] Reloading Section: "end-reload/" done in 1.424 ms
[20:51:47] [Server thread/DEBUG] [REI] ========================================
[20:51:47] [Server thread/DEBUG] [REI] REICommonPlugin ended main-reload for START in 64.40 ms.
[20:51:47] [Server thread/DEBUG] [REI] ========================================
[20:51:47] [Server thread/DEBUG] [REI] ========================================
[20:51:47] [Server thread/DEBUG] [REI] REICommonPlugin starting post-reload for START.
[20:51:47] [Server thread/DEBUG] [REI] Reloadables (8):
[20:51:47] [Server thread/DEBUG] [REI]  - SlotAccessorRegistryImpl
[20:51:47] [Server thread/DEBUG] [REI]  - EntryTypeRegistryImpl
[20:51:47] [Server thread/DEBUG] [REI]  - EntrySettingsAdapterRegistryImpl
[20:51:47] [Server thread/DEBUG] [REI]  - ItemComparatorRegistryImpl
[20:51:47] [Server thread/DEBUG] [REI]  - FluidComparatorRegistryImpl
[20:51:47] [Server thread/DEBUG] [REI]  - DisplaySerializerRegistryImpl
[20:51:47] [Server thread/DEBUG] [REI]  - ServerDisplayRegistryImpl
[20:51:47] [Server thread/DEBUG] [REI]  - FluidSupportProviderImpl
[20:51:47] [Server thread/DEBUG] [REI] Plugins (3):
[20:51:47] [Server thread/DEBUG] [REI]  - (-100.00) DefaultPlugin of DefaultPlugin [roughlyenoughitems]
[20:51:47] [Server thread/DEBUG] [REI]  - (0.00) FabricFluidAPISupportPlugin
[20:51:47] [Server thread/DEBUG] [REI]  - (0.00) DefaultRuntimePlugin of DefaultRuntimePlugin [roughlyenoughitems]
[20:51:47] [Server thread/DEBUG] [REI] ========================================
[20:51:47] [Server thread/TRACE] [REI] [REICommonPlugin START] Reloading Section: "post-register/"
[20:51:47] [Server thread/TRACE] [REI] [REICommonPlugin START] Reloading Section: "post-register/DefaultPlugin of DefaultPlugin [roughlyenoughitems]/"
[20:51:47] [Server thread/TRACE] [REI] [REICommonPlugin START] Reloading Section: "post-register/DefaultPlugin of DefaultPlugin [roughlyenoughitems]/" done in 236.8 μs
[20:51:47] [Server thread/TRACE] [REI] [REICommonPlugin START] Reloading Section: "post-register/FabricFluidAPISupportPlugin/"
[20:51:47] [Server thread/TRACE] [REI] [REICommonPlugin START] Reloading Section: "post-register/FabricFluidAPISupportPlugin/" done in 57.15 μs
[20:51:47] [Server thread/TRACE] [REI] [REICommonPlugin START] Reloading Section: "post-register/DefaultRuntimePlugin of DefaultRuntimePlugin [roughlyenoughitems]/"
[20:51:47] [Server thread/TRACE] [REI] [REICommonPlugin START] Reloading Section: "post-register/DefaultRuntimePlugin of DefaultRuntimePlugin [roughlyenoughitems]/" done in 52.67 μs
[20:51:47] [Server thread/TRACE] [REI] [REICommonPlugin START] Reloading Section: "post-register/" done in 952.8 μs
[20:51:47] [Server thread/TRACE] [REI] [REICommonPlugin START] Reloading Section: "post-stage/"
[20:51:47] [Server thread/TRACE] [REI] [REICommonPlugin START] Reloading Section: "post-stage/SlotAccessorRegistryImpl/"
[20:51:47] [Server thread/TRACE] [REI] [REICommonPlugin START] Reloading Section: "post-stage/SlotAccessorRegistryImpl/" done in 74.24 μs
[20:51:47] [Server thread/TRACE] [REI] [REICommonPlugin START] Reloading Section: "post-stage/EntryTypeRegistryImpl/"
[20:51:47] [Server thread/TRACE] [REI] [REICommonPlugin START] Reloading Section: "post-stage/EntryTypeRegistryImpl/" done in 53.46 μs
[20:51:47] [Server thread/TRACE] [REI] [REICommonPlugin START] Reloading Section: "post-stage/EntrySettingsAdapterRegistryImpl/"
[20:51:47] [Server thread/TRACE] [REI] [REICommonPlugin START] Reloading Section: "post-stage/EntrySettingsAdapterRegistryImpl/" done in 43.75 μs
[20:51:47] [Server thread/TRACE] [REI] [REICommonPlugin START] Reloading Section: "post-stage/ItemComparatorRegistryImpl/"
[20:51:47] [Server thread/TRACE] [REI] [REICommonPlugin START] Reloading Section: "post-stage/ItemComparatorRegistryImpl/" done in 91.06 μs
[20:51:47] [Server thread/TRACE] [REI] [REICommonPlugin START] Reloading Section: "post-stage/FluidComparatorRegistryImpl/"
[20:51:47] [Server thread/TRACE] [REI] [REICommonPlugin START] Reloading Section: "post-stage/FluidComparatorRegistryImpl/" done in 50.14 μs
[20:51:47] [Server thread/TRACE] [REI] [REICommonPlugin START] Reloading Section: "post-stage/DisplaySerializerRegistryImpl/"
[20:51:47] [Server thread/TRACE] [REI] [REICommonPlugin START] Reloading Section: "post-stage/DisplaySerializerRegistryImpl/" done in 44.19 μs
[20:51:47] [Server thread/TRACE] [REI] [REICommonPlugin START] Reloading Section: "post-stage/ServerDisplayRegistryImpl/"
[20:51:47] [Server thread/TRACE] [REI] [REICommonPlugin START] Reloading Section: "post-stage/ServerDisplayRegistryImpl/" done in 48.72 μs
[20:51:47] [Server thread/TRACE] [REI] [REICommonPlugin START] Reloading Section: "post-stage/FluidSupportProviderImpl/"
[20:51:47] [Server thread/TRACE] [REI] [REICommonPlugin START] Reloading Section: "post-stage/FluidSupportProviderImpl/" done in 70.54 μs
[20:51:47] [Server thread/TRACE] [REI] [REICommonPlugin START] Reloading Section: "post-stage/" done in 1.396 ms
[20:51:47] [Server thread/DEBUG] [REI] ========================================
[20:51:47] [Server thread/INFO] [REI] REICommonPlugin finished post-reload for START in 2.503 ms, totaling 78.16 ms.
[20:51:47] [Server thread/DEBUG] [REI] ========================================
[20:51:47] [Server thread/DEBUG] [REI] ========================================
[20:51:47] [Server thread/DEBUG] [REI] REICommonPlugin starting pre-reload for END.
[20:51:47] [Server thread/DEBUG] [REI] Reloadables (8):
[20:51:47] [Server thread/DEBUG] [REI]  - SlotAccessorRegistryImpl
[20:51:47] [Server thread/DEBUG] [REI]  - EntryTypeRegistryImpl
[20:51:47] [Server thread/DEBUG] [REI]  - EntrySettingsAdapterRegistryImpl
[20:51:47] [Server thread/DEBUG] [REI]  - ItemComparatorRegistryImpl
[20:51:47] [Server thread/DEBUG] [REI]  - FluidComparatorRegistryImpl
[20:51:47] [Server thread/DEBUG] [REI]  - DisplaySerializerRegistryImpl
[20:51:47] [Server thread/DEBUG] [REI]  - ServerDisplayRegistryImpl
[20:51:47] [Server thread/DEBUG] [REI]  - FluidSupportProviderImpl
[20:51:47] [Server thread/DEBUG] [REI] Plugins (3):
[20:51:47] [Server thread/DEBUG] [REI]  - (-100.00) DefaultPlugin of DefaultPlugin [roughlyenoughitems]
[20:51:47] [Server thread/DEBUG] [REI]  - (0.00) FabricFluidAPISupportPlugin
[20:51:47] [Server thread/DEBUG] [REI]  - (0.00) DefaultRuntimePlugin of DefaultRuntimePlugin [roughlyenoughitems]
[20:51:47] [Server thread/DEBUG] [REI] ========================================
[20:51:47] [Server thread/TRACE] [REI] [REICommonPlugin END] Reloading Section: "pre-register/"
[20:51:47] [Server thread/TRACE] [REI] [REICommonPlugin END] Reloading Section: "pre-register/DefaultPlugin of DefaultPlugin [roughlyenoughitems]/"
[20:51:47] [Server thread/TRACE] [REI] [REICommonPlugin END] Reloading Section: "pre-register/DefaultPlugin of DefaultPlugin [roughlyenoughitems]/" done in 56.50 μs
[20:51:47] [Server thread/TRACE] [REI] [REICommonPlugin END] Reloading Section: "pre-register/FabricFluidAPISupportPlugin/"
[20:51:47] [Server thread/TRACE] [REI] [REICommonPlugin END] Reloading Section: "pre-register/FabricFluidAPISupportPlugin/" done in 93.86 μs
[20:51:47] [Server thread/TRACE] [REI] [REICommonPlugin END] Reloading Section: "pre-register/DefaultRuntimePlugin of DefaultRuntimePlugin [roughlyenoughitems]/"
[20:51:47] [Server thread/TRACE] [REI] [REICommonPlugin END] Reloading Section: "pre-register/DefaultRuntimePlugin of DefaultRuntimePlugin [roughlyenoughitems]/" done in 79.12 μs
[20:51:47] [Server thread/TRACE] [REI] [REICommonPlugin END] Reloading Section: "pre-register/" done in 730.1 μs
[20:51:47] [Server thread/TRACE] [REI] [REICommonPlugin END] Reloading Section: "pre-stage/"
[20:51:47] [Server thread/TRACE] [REI] [REICommonPlugin END] Reloading Section: "pre-stage/SlotAccessorRegistryImpl/"
[20:51:47] [Server thread/TRACE] [REI] [REICommonPlugin END] Reloading Section: "pre-stage/SlotAccessorRegistryImpl/" done in 60.67 μs
[20:51:47] [Server thread/TRACE] [REI] [REICommonPlugin END] Reloading Section: "pre-stage/EntryTypeRegistryImpl/"
[20:51:47] [Server thread/TRACE] [REI] [REICommonPlugin END] Reloading Section: "pre-stage/EntryTypeRegistryImpl/" done in 60.20 μs
[20:51:47] [Server thread/TRACE] [REI] [REICommonPlugin END] Reloading Section: "pre-stage/EntrySettingsAdapterRegistryImpl/"
[20:51:47] [Server thread/TRACE] [REI] [REICommonPlugin END] Reloading Section: "pre-stage/EntrySettingsAdapterRegistryImpl/" done in 45.02 μs
[20:51:47] [Server thread/TRACE] [REI] [REICommonPlugin END] Reloading Section: "pre-stage/ItemComparatorRegistryImpl/"
[20:51:47] [Server thread/TRACE] [REI] [REICommonPlugin END] Reloading Section: "pre-stage/ItemComparatorRegistryImpl/" done in 40.13 μs
[20:51:47] [Server thread/TRACE] [REI] [REICommonPlugin END] Reloading Section: "pre-stage/FluidComparatorRegistryImpl/"
[20:51:47] [Server thread/TRACE] [REI] [REICommonPlugin END] Reloading Section: "pre-stage/FluidComparatorRegistryImpl/" done in 46.37 μs
[20:51:47] [Server thread/TRACE] [REI] [REICommonPlugin END] Reloading Section: "pre-stage/DisplaySerializerRegistryImpl/"
[20:51:47] [Server thread/TRACE] [REI] [REICommonPlugin END] Reloading Section: "pre-stage/DisplaySerializerRegistryImpl/" done in 54.25 μs
[20:51:47] [Server thread/TRACE] [REI] [REICommonPlugin END] Reloading Section: "pre-stage/ServerDisplayRegistryImpl/"
[20:51:47] [Server thread/TRACE] [REI] [REICommonPlugin END] Reloading Section: "pre-stage/ServerDisplayRegistryImpl/" done in 45.75 μs
[20:51:47] [Server thread/TRACE] [REI] [REICommonPlugin END] Reloading Section: "pre-stage/FluidSupportProviderImpl/"
[20:51:47] [Server thread/TRACE] [REI] [REICommonPlugin END] Reloading Section: "pre-stage/FluidSupportProviderImpl/" done in 52.47 μs
[20:51:47] [Server thread/TRACE] [REI] [REICommonPlugin END] Reloading Section: "pre-stage/" done in 1.239 ms
[20:51:47] [Server thread/DEBUG] [REI] ========================================
[20:51:47] [Server thread/DEBUG] [REI] REICommonPlugin finished pre-reload for END in 2.145 ms.
[20:51:47] [Server thread/DEBUG] [REI] ========================================
[20:51:47] [Server thread/INFO] [REI] ~~~~~~~~~~~~~~~~~~~~~~~~~~~~~~~~~~~~~~~~
[20:51:47] [Server thread/INFO] [REI] REICommonPlugin starting main-reload for END.
[20:51:47] [Server thread/DEBUG] [REI] Reloadables (8):
[20:51:47] [Server thread/DEBUG] [REI]  - SlotAccessorRegistryImpl
[20:51:47] [Server thread/DEBUG] [REI]  - EntryTypeRegistryImpl
[20:51:47] [Server thread/DEBUG] [REI]  - EntrySettingsAdapterRegistryImpl
[20:51:47] [Server thread/DEBUG] [REI]  - ItemComparatorRegistryImpl
[20:51:47] [Server thread/DEBUG] [REI]  - FluidComparatorRegistryImpl
[20:51:47] [Server thread/DEBUG] [REI]  - DisplaySerializerRegistryImpl
[20:51:47] [Server thread/DEBUG] [REI]  - ServerDisplayRegistryImpl
[20:51:47] [Server thread/DEBUG] [REI]  - FluidSupportProviderImpl
[20:51:47] [Server thread/INFO] [REI] Plugins (3):
[20:51:47] [Server thread/INFO] [REI]  - (-100.00) DefaultPlugin of DefaultPlugin [roughlyenoughitems]
[20:51:47] [Server thread/INFO] [REI]  - (0.00) FabricFluidAPISupportPlugin
[20:51:47] [Server thread/INFO] [REI]  - (0.00) DefaultRuntimePlugin of DefaultRuntimePlugin [roughlyenoughitems]
[20:51:47] [Server thread/INFO] [REI] ~~~~~~~~~~~~~~~~~~~~~~~~~~~~~~~~~~~~~~~~
[20:51:47] [Server thread/TRACE] [REI] [REICommonPlugin END] Reloading Section: "start-reload/"
[20:51:47] [Server thread/TRACE] [REI] [REICommonPlugin END] Reloading Section: "start-reload/SlotAccessorRegistryImpl/"
[20:51:47] [Server thread/TRACE] [REI] [REICommonPlugin END] Reloading Section: "start-reload/SlotAccessorRegistryImpl/" done in 59.79 μs
[20:51:47] [Server thread/TRACE] [REI] [REICommonPlugin END] Reloading Section: "start-reload/EntryTypeRegistryImpl/"
[20:51:47] [Server thread/TRACE] [REI] [REICommonPlugin END] Reloading Section: "start-reload/EntryTypeRegistryImpl/" done in 23.10 μs
[20:51:47] [Server thread/TRACE] [REI] [REICommonPlugin END] Reloading Section: "start-reload/EntrySettingsAdapterRegistryImpl/"
[20:51:47] [Server thread/TRACE] [REI] [REICommonPlugin END] Reloading Section: "start-reload/EntrySettingsAdapterRegistryImpl/" done in 26.21 μs
[20:51:47] [Server thread/TRACE] [REI] [REICommonPlugin END] Reloading Section: "start-reload/ItemComparatorRegistryImpl/"
[20:51:47] [Server thread/TRACE] [REI] [REICommonPlugin END] Reloading Section: "start-reload/ItemComparatorRegistryImpl/" done in 20.78 μs
[20:51:47] [Server thread/TRACE] [REI] [REICommonPlugin END] Reloading Section: "start-reload/FluidComparatorRegistryImpl/"
[20:51:47] [Server thread/TRACE] [REI] [REICommonPlugin END] Reloading Section: "start-reload/FluidComparatorRegistryImpl/" done in 21.19 μs
[20:51:47] [Server thread/TRACE] [REI] [REICommonPlugin END] Reloading Section: "start-reload/DisplaySerializerRegistryImpl/"
[20:51:47] [Server thread/TRACE] [REI] [REICommonPlugin END] Reloading Section: "start-reload/DisplaySerializerRegistryImpl/" done in 19.87 μs
[20:51:47] [Server thread/TRACE] [REI] [REICommonPlugin END] Reloading Section: "start-reload/ServerDisplayRegistryImpl/"
[20:51:47] [Server thread/TRACE] [REI] [REICommonPlugin END] Reloading Section: "start-reload/ServerDisplayRegistryImpl/" done in 75.70 μs
[20:51:47] [Server thread/TRACE] [REI] [REICommonPlugin END] Reloading Section: "start-reload/FluidSupportProviderImpl/"
[20:51:47] [Server thread/TRACE] [REI] [REICommonPlugin END] Reloading Section: "start-reload/FluidSupportProviderImpl/" done in 35.79 μs
[20:51:47] [Server thread/TRACE] [REI] [REICommonPlugin END] Reloading Section: "start-reload/" done in 899.2 μs
[20:51:47] [Server thread/DEBUG] [REI] ========================================
[20:51:47] [Server thread/DEBUG] [REI] REICommonPlugin started main-reload for END.
[20:51:47] [Server thread/DEBUG] [REI] ========================================
[20:51:47] [Server thread/TRACE] [REI] [REICommonPlugin END] Reloading Section: "reloadable-plugin/SlotAccessorRegistryImpl/"
[20:51:47] [Server thread/TRACE] [REI] [REICommonPlugin END] Reloading Section: "reloadable-plugin/SlotAccessorRegistryImpl/DefaultPlugin of DefaultPlugin [roughlyenoughitems]/"
[20:51:47] [Server thread/TRACE] [REI] [REICommonPlugin END] Reloading Section: "reloadable-plugin/SlotAccessorRegistryImpl/DefaultPlugin of DefaultPlugin [roughlyenoughitems]/" done in 60.13 μs
[20:51:47] [Server thread/TRACE] [REI] [REICommonPlugin END] Reloading Section: "reloadable-plugin/SlotAccessorRegistryImpl/FabricFluidAPISupportPlugin/"
[20:51:47] [Server thread/TRACE] [REI] [REICommonPlugin END] Reloading Section: "reloadable-plugin/SlotAccessorRegistryImpl/FabricFluidAPISupportPlugin/" done in 45.49 μs
[20:51:47] [Server thread/TRACE] [REI] [REICommonPlugin END] Reloading Section: "reloadable-plugin/SlotAccessorRegistryImpl/DefaultRuntimePlugin of DefaultRuntimePlugin [roughlyenoughitems]/"
[20:51:47] [Server thread/DEBUG] [REI] Added slot accessor serializer: me.shedaniel.rei.plugin.common.runtime.DefaultRuntimePlugin$1@77a1a760 [roughlyenoughitems:vanilla]
[20:51:47] [Server thread/DEBUG] [REI] Added slot accessor serializer: me.shedaniel.rei.plugin.common.runtime.DefaultRuntimePlugin$2@4ae1f728 [roughlyenoughitems:player]
[20:51:47] [Server thread/TRACE] [REI] [REICommonPlugin END] Reloading Section: "reloadable-plugin/SlotAccessorRegistryImpl/DefaultRuntimePlugin of DefaultRuntimePlugin [roughlyenoughitems]/" done in 1.516 ms
[20:51:47] [Server thread/TRACE] [REI] [REICommonPlugin END] Reloading Section: "reloadable-plugin/SlotAccessorRegistryImpl/" done in 2.070 ms
[20:51:47] [Server thread/TRACE] [REI] [REICommonPlugin END] Reloading Section: "reloadable-plugin/EntryTypeRegistryImpl/"
[20:51:47] [Server thread/TRACE] [REI] [REICommonPlugin END] Reloading Section: "reloadable-plugin/EntryTypeRegistryImpl/DefaultPlugin of DefaultPlugin [roughlyenoughitems]/"
[20:51:47] [Server thread/TRACE] [REI] [REICommonPlugin END] Reloading Section: "reloadable-plugin/EntryTypeRegistryImpl/DefaultPlugin of DefaultPlugin [roughlyenoughitems]/" done in 59.84 μs
[20:51:47] [Server thread/TRACE] [REI] [REICommonPlugin END] Reloading Section: "reloadable-plugin/EntryTypeRegistryImpl/FabricFluidAPISupportPlugin/"
[20:51:47] [Server thread/TRACE] [REI] [REICommonPlugin END] Reloading Section: "reloadable-plugin/EntryTypeRegistryImpl/FabricFluidAPISupportPlugin/" done in 61.43 μs
[20:51:47] [Server thread/TRACE] [REI] [REICommonPlugin END] Reloading Section: "reloadable-plugin/EntryTypeRegistryImpl/DefaultRuntimePlugin of DefaultRuntimePlugin [roughlyenoughitems]/"
[20:51:47] [Server thread/TRACE] [REI] [REICommonPlugin END] Reloading Section: "reloadable-plugin/EntryTypeRegistryImpl/DefaultRuntimePlugin of DefaultRuntimePlugin [roughlyenoughitems]/" done in 77.77 μs
[20:51:47] [Server thread/TRACE] [REI] [REICommonPlugin END] Reloading Section: "reloadable-plugin/EntryTypeRegistryImpl/" done in 658.8 μs
[20:51:47] [Server thread/TRACE] [REI] [REICommonPlugin END] Reloading Section: "reloadable-plugin/EntrySettingsAdapterRegistryImpl/"
[20:51:47] [Server thread/TRACE] [REI] [REICommonPlugin END] Reloading Section: "reloadable-plugin/EntrySettingsAdapterRegistryImpl/DefaultPlugin of DefaultPlugin [roughlyenoughitems]/"
[20:51:47] [Server thread/TRACE] [REI] [REICommonPlugin END] Reloading Section: "reloadable-plugin/EntrySettingsAdapterRegistryImpl/DefaultPlugin of DefaultPlugin [roughlyenoughitems]/" done in 67.82 μs
[20:51:47] [Server thread/TRACE] [REI] [REICommonPlugin END] Reloading Section: "reloadable-plugin/EntrySettingsAdapterRegistryImpl/FabricFluidAPISupportPlugin/"
[20:51:47] [Server thread/TRACE] [REI] [REICommonPlugin END] Reloading Section: "reloadable-plugin/EntrySettingsAdapterRegistryImpl/FabricFluidAPISupportPlugin/" done in 115.9 μs
[20:51:47] [Server thread/TRACE] [REI] [REICommonPlugin END] Reloading Section: "reloadable-plugin/EntrySettingsAdapterRegistryImpl/DefaultRuntimePlugin of DefaultRuntimePlugin [roughlyenoughitems]/"
[20:51:47] [Server thread/TRACE] [REI] [REICommonPlugin END] Reloading Section: "reloadable-plugin/EntrySettingsAdapterRegistryImpl/DefaultRuntimePlugin of DefaultRuntimePlugin [roughlyenoughitems]/" done in 55.91 μs
[20:51:47] [Server thread/TRACE] [REI] [REICommonPlugin END] Reloading Section: "reloadable-plugin/EntrySettingsAdapterRegistryImpl/" done in 662.5 μs
[20:51:47] [Server thread/TRACE] [REI] [REICommonPlugin END] Reloading Section: "reloadable-plugin/ItemComparatorRegistryImpl/"
[20:51:47] [Server thread/TRACE] [REI] [REICommonPlugin END] Reloading Section: "reloadable-plugin/ItemComparatorRegistryImpl/DefaultPlugin of DefaultPlugin [roughlyenoughitems]/"
[20:51:47] [Server thread/TRACE] [REI] [REICommonPlugin END] Reloading Section: "reloadable-plugin/ItemComparatorRegistryImpl/DefaultPlugin of DefaultPlugin [roughlyenoughitems]/" done in 57.87 μs
[20:51:47] [Server thread/TRACE] [REI] [REICommonPlugin END] Reloading Section: "reloadable-plugin/ItemComparatorRegistryImpl/FabricFluidAPISupportPlugin/"
[20:51:47] [Server thread/TRACE] [REI] [REICommonPlugin END] Reloading Section: "reloadable-plugin/ItemComparatorRegistryImpl/FabricFluidAPISupportPlugin/" done in 43.84 μs
[20:51:47] [Server thread/TRACE] [REI] [REICommonPlugin END] Reloading Section: "reloadable-plugin/ItemComparatorRegistryImpl/DefaultRuntimePlugin of DefaultRuntimePlugin [roughlyenoughitems]/"
[20:51:47] [Server thread/TRACE] [REI] [REICommonPlugin END] Reloading Section: "reloadable-plugin/ItemComparatorRegistryImpl/DefaultRuntimePlugin of DefaultRuntimePlugin [roughlyenoughitems]/" done in 56.38 μs
[20:51:47] [Server thread/TRACE] [REI] [REICommonPlugin END] Reloading Section: "reloadable-plugin/ItemComparatorRegistryImpl/" done in 497.2 μs
[20:51:47] [Server thread/TRACE] [REI] [REICommonPlugin END] Reloading Section: "reloadable-plugin/FluidComparatorRegistryImpl/"
[20:51:47] [Server thread/TRACE] [REI] [REICommonPlugin END] Reloading Section: "reloadable-plugin/FluidComparatorRegistryImpl/DefaultPlugin of DefaultPlugin [roughlyenoughitems]/"
[20:51:47] [Server thread/TRACE] [REI] [REICommonPlugin END] Reloading Section: "reloadable-plugin/FluidComparatorRegistryImpl/DefaultPlugin of DefaultPlugin [roughlyenoughitems]/" done in 50.21 μs
[20:51:47] [Server thread/TRACE] [REI] [REICommonPlugin END] Reloading Section: "reloadable-plugin/FluidComparatorRegistryImpl/FabricFluidAPISupportPlugin/"
[20:51:47] [Server thread/TRACE] [REI] [REICommonPlugin END] Reloading Section: "reloadable-plugin/FluidComparatorRegistryImpl/FabricFluidAPISupportPlugin/" done in 42.14 μs
[20:51:47] [Server thread/TRACE] [REI] [REICommonPlugin END] Reloading Section: "reloadable-plugin/FluidComparatorRegistryImpl/DefaultRuntimePlugin of DefaultRuntimePlugin [roughlyenoughitems]/"
[20:51:47] [Server thread/TRACE] [REI] [REICommonPlugin END] Reloading Section: "reloadable-plugin/FluidComparatorRegistryImpl/DefaultRuntimePlugin of DefaultRuntimePlugin [roughlyenoughitems]/" done in 48.46 μs
[20:51:47] [Server thread/TRACE] [REI] [REICommonPlugin END] Reloading Section: "reloadable-plugin/FluidComparatorRegistryImpl/" done in 496.6 μs
[20:51:47] [Server thread/TRACE] [REI] [REICommonPlugin END] Reloading Section: "reloadable-plugin/DisplaySerializerRegistryImpl/"
[20:51:47] [Server thread/TRACE] [REI] [REICommonPlugin END] Reloading Section: "reloadable-plugin/DisplaySerializerRegistryImpl/DefaultPlugin of DefaultPlugin [roughlyenoughitems]/"
[20:51:47] [Server thread/TRACE] [REI] [REICommonPlugin END] Reloading Section: "reloadable-plugin/DisplaySerializerRegistryImpl/DefaultPlugin of DefaultPlugin [roughlyenoughitems]/" done in 43.41 μs
[20:51:47] [Server thread/TRACE] [REI] [REICommonPlugin END] Reloading Section: "reloadable-plugin/DisplaySerializerRegistryImpl/FabricFluidAPISupportPlugin/"
[20:51:47] [Server thread/TRACE] [REI] [REICommonPlugin END] Reloading Section: "reloadable-plugin/DisplaySerializerRegistryImpl/FabricFluidAPISupportPlugin/" done in 51.03 μs
[20:51:47] [Server thread/TRACE] [REI] [REICommonPlugin END] Reloading Section: "reloadable-plugin/DisplaySerializerRegistryImpl/DefaultRuntimePlugin of DefaultRuntimePlugin [roughlyenoughitems]/"
[20:51:47] [Server thread/TRACE] [REI] [REICommonPlugin END] Reloading Section: "reloadable-plugin/DisplaySerializerRegistryImpl/DefaultRuntimePlugin of DefaultRuntimePlugin [roughlyenoughitems]/" done in 52.74 μs
[20:51:47] [Server thread/TRACE] [REI] [REICommonPlugin END] Reloading Section: "reloadable-plugin/DisplaySerializerRegistryImpl/" done in 454.7 μs
[20:51:47] [Server thread/TRACE] [REI] [REICommonPlugin END] Reloading Section: "reloadable-plugin/ServerDisplayRegistryImpl/"
[20:51:47] [Server thread/TRACE] [REI] [REICommonPlugin END] Reloading Section: "reloadable-plugin/ServerDisplayRegistryImpl/DefaultPlugin of DefaultPlugin [roughlyenoughitems]/"
[20:51:47] [Server thread/DEBUG] [REI] Added display filter: me.shedaniel.rei.api.common.registry.display.DisplayConsumer$RecipeManagerConsumer$RecipeFillerBuilder$$Lambda/0x000074bf51087648@5b79d84f
[20:51:47] [Server thread/DEBUG] [REI] Added display filter: me.shedaniel.rei.api.common.registry.display.DisplayConsumer$RecipeManagerConsumer$RecipeFillerBuilder$$Lambda/0x000074bf51087648@3aedf63c
[20:51:47] [Server thread/DEBUG] [REI] Added display filter: me.shedaniel.rei.api.common.registry.display.DisplayConsumer$RecipeManagerConsumer$RecipeFillerBuilder$$Lambda/0x000074bf51087648@45e35b8d
[20:51:47] [Server thread/DEBUG] [REI] Added display filter: me.shedaniel.rei.api.common.registry.display.DisplayConsumer$RecipeManagerConsumer$RecipeFillerBuilder$$Lambda/0x000074bf51087648@7c58f53d
[20:51:47] [Server thread/DEBUG] [REI] Added display filter: me.shedaniel.rei.api.common.registry.display.DisplayConsumer$RecipeManagerConsumer$RecipeFillerBuilder$$Lambda/0x000074bf51087648@191cf23e
[20:51:47] [Server thread/DEBUG] [REI] Added display filter: me.shedaniel.rei.api.common.registry.display.DisplayConsumer$RecipeManagerConsumer$RecipeFillerBuilder$$Lambda/0x000074bf51087648@6f25865
[20:51:47] [Server thread/DEBUG] [REI] Added display filter: me.shedaniel.rei.api.common.registry.display.DisplayConsumer$RecipeManagerConsumer$RecipeFillerBuilder$$Lambda/0x000074bf51087648@59ee8335
[20:51:47] [Server thread/DEBUG] [REI] Added display filter: me.shedaniel.rei.api.common.registry.display.DisplayConsumer$RecipeManagerConsumer$RecipeFillerBuilder$$Lambda/0x000074bf51088fd8@575b1eb4
[20:51:47] [Server thread/DEBUG] [REI] Added display filter: me.shedaniel.rei.api.common.registry.display.DisplayConsumer$RecipeManagerConsumer$RecipeFillerBuilder$$Lambda/0x000074bf51088fd8@7e2517d2
[20:51:47] [Server thread/DEBUG] [REI] Added display filter: me.shedaniel.rei.api.common.registry.display.DisplayConsumer$RecipeManagerConsumer$RecipeFillerBuilder$$Lambda/0x000074bf51088fd8@69e9da65
[20:51:47] [Server thread/DEBUG] [REI] Added display filter: me.shedaniel.rei.api.common.registry.display.DisplayConsumer$RecipeManagerConsumer$RecipeFillerBuilder$$Lambda/0x000074bf51088fd8@1df3242f
[20:51:47] [Server thread/DEBUG] [REI] Added display filter: me.shedaniel.rei.api.common.registry.display.DisplayConsumer$RecipeManagerConsumer$RecipeFillerBuilder$$Lambda/0x000074bf51088fd8@1252379b
[20:51:47] [Server thread/DEBUG] [REI] Added display filter: me.shedaniel.rei.api.common.registry.display.DisplayConsumer$RecipeManagerConsumer$RecipeFillerBuilder$$Lambda/0x000074bf51088fd8@441f2984
[20:51:47] [Server thread/DEBUG] [REI] Added display filter: me.shedaniel.rei.api.common.registry.display.DisplayConsumer$RecipeManagerConsumer$RecipeFillerBuilder$$Lambda/0x000074bf51088fd8@6302f990
[20:51:47] [Server thread/DEBUG] [REI] Added display filter: me.shedaniel.rei.api.common.registry.display.DisplayConsumer$RecipeManagerConsumer$RecipeFillerBuilder$$Lambda/0x000074bf51088fd8@67546b83
[20:51:47] [Server thread/DEBUG] [REI] Added display filter: me.shedaniel.rei.api.common.registry.display.DisplayConsumer$RecipeManagerConsumer$RecipeFillerBuilder$$Lambda/0x000074bf51088fd8@6439661d
[20:51:47] [Server thread/TRACE] [REI] [REICommonPlugin END] Reloading Section: "reloadable-plugin/ServerDisplayRegistryImpl/DefaultPlugin of DefaultPlugin [roughlyenoughitems]/" done in 4.704 ms
[20:51:47] [Server thread/TRACE] [REI] [REICommonPlugin END] Reloading Section: "reloadable-plugin/ServerDisplayRegistryImpl/FabricFluidAPISupportPlugin/"
[20:51:47] [Server thread/TRACE] [REI] [REICommonPlugin END] Reloading Section: "reloadable-plugin/ServerDisplayRegistryImpl/FabricFluidAPISupportPlugin/" done in 119.7 μs
[20:51:47] [Server thread/TRACE] [REI] [REICommonPlugin END] Reloading Section: "reloadable-plugin/ServerDisplayRegistryImpl/DefaultRuntimePlugin of DefaultRuntimePlugin [roughlyenoughitems]/"
[20:51:47] [Server thread/TRACE] [REI] [REICommonPlugin END] Reloading Section: "reloadable-plugin/ServerDisplayRegistryImpl/DefaultRuntimePlugin of DefaultRuntimePlugin [roughlyenoughitems]/" done in 108.7 μs
[20:51:47] [Server thread/TRACE] [REI] [REICommonPlugin END] Reloading Section: "reloadable-plugin/ServerDisplayRegistryImpl/" done in 5.312 ms
[20:51:47] [Server thread/TRACE] [REI] [REICommonPlugin END] Reloading Section: "reloadable-plugin/FluidSupportProviderImpl/"
[20:51:47] [Server thread/TRACE] [REI] [REICommonPlugin END] Reloading Section: "reloadable-plugin/FluidSupportProviderImpl/DefaultPlugin of DefaultPlugin [roughlyenoughitems]/"
[20:51:47] [Server thread/TRACE] [REI] [REICommonPlugin END] Reloading Section: "reloadable-plugin/FluidSupportProviderImpl/DefaultPlugin of DefaultPlugin [roughlyenoughitems]/" done in 62.22 μs
[20:51:47] [Server thread/TRACE] [REI] [REICommonPlugin END] Reloading Section: "reloadable-plugin/FluidSupportProviderImpl/FabricFluidAPISupportPlugin/"
[20:51:47] [Server thread/TRACE] [REI] [REICommonPlugin END] Reloading Section: "reloadable-plugin/FluidSupportProviderImpl/FabricFluidAPISupportPlugin/" done in 73.65 μs
[20:51:47] [Server thread/TRACE] [REI] [REICommonPlugin END] Reloading Section: "reloadable-plugin/FluidSupportProviderImpl/DefaultRuntimePlugin of DefaultRuntimePlugin [roughlyenoughitems]/"
[20:51:47] [Server thread/TRACE] [REI] [REICommonPlugin END] Reloading Section: "reloadable-plugin/FluidSupportProviderImpl/DefaultRuntimePlugin of DefaultRuntimePlugin [roughlyenoughitems]/" done in 108.4 μs
[20:51:47] [Server thread/TRACE] [REI] [REICommonPlugin END] Reloading Section: "reloadable-plugin/FluidSupportProviderImpl/" done in 791.6 μs
[20:51:47] [Server thread/DEBUG] [REI] ========================================
[20:51:47] [Server thread/DEBUG] [REI] REICommonPlugin ending main-reload for END.
[20:51:47] [Server thread/DEBUG] [REI] ========================================
[20:51:47] [Server thread/TRACE] [REI] [REICommonPlugin END] Reloading Section: "end-reload/"
[20:51:47] [Server thread/TRACE] [REI] [REICommonPlugin END] Reloading Section: "end-reload/SlotAccessorRegistryImpl/"
[20:51:47] [Server thread/DEBUG] [REI] Registered 2 slot accessor serializers
[20:51:47] [Server thread/TRACE] [REI] [REICommonPlugin END] Reloading Section: "end-reload/SlotAccessorRegistryImpl/" done in 169.2 μs
[20:51:47] [Server thread/TRACE] [REI] [REICommonPlugin END] Reloading Section: "end-reload/EntryTypeRegistryImpl/"
[20:51:47] [Server thread/TRACE] [REI] [REICommonPlugin END] Reloading Section: "end-reload/EntryTypeRegistryImpl/" done in 92.20 μs
[20:51:47] [Server thread/TRACE] [REI] [REICommonPlugin END] Reloading Section: "end-reload/EntrySettingsAdapterRegistryImpl/"
[20:51:47] [Server thread/TRACE] [REI] [REICommonPlugin END] Reloading Section: "end-reload/EntrySettingsAdapterRegistryImpl/" done in 35.39 μs
[20:51:47] [Server thread/TRACE] [REI] [REICommonPlugin END] Reloading Section: "end-reload/ItemComparatorRegistryImpl/"
[20:51:47] [Server thread/TRACE] [REI] [REICommonPlugin END] Reloading Section: "end-reload/ItemComparatorRegistryImpl/" done in 104.6 μs
[20:51:47] [Server thread/TRACE] [REI] [REICommonPlugin END] Reloading Section: "end-reload/FluidComparatorRegistryImpl/"
[20:51:47] [Server thread/TRACE] [REI] [REICommonPlugin END] Reloading Section: "end-reload/FluidComparatorRegistryImpl/" done in 36.19 μs
[20:51:47] [Server thread/TRACE] [REI] [REICommonPlugin END] Reloading Section: "end-reload/DisplaySerializerRegistryImpl/"
[20:51:47] [Server thread/TRACE] [REI] [REICommonPlugin END] Reloading Section: "end-reload/DisplaySerializerRegistryImpl/" done in 85.82 μs
[20:51:47] [Server thread/TRACE] [REI] [REICommonPlugin END] Reloading Section: "end-reload/ServerDisplayRegistryImpl/"
[20:51:47] [Server thread/DEBUG] [REI] Found preliminary 0 displays
[20:51:47] [Server thread/DEBUG] [REI] Filled 1803 displays from recipe manager in 67.33 ms
[20:51:47] [Server thread/TRACE] [REI] [REICommonPlugin END] Reloading Section: "end-reload/ServerDisplayRegistryImpl/" done in 67.74 ms
[20:51:47] [Server thread/TRACE] [REI] [REICommonPlugin END] Reloading Section: "end-reload/FluidSupportProviderImpl/"
[20:51:47] [Server thread/TRACE] [REI] [REICommonPlugin END] Reloading Section: "end-reload/FluidSupportProviderImpl/" done in 56.70 μs
[20:51:47] [Server thread/TRACE] [REI] [REICommonPlugin END] Reloading Section: "end-reload/" done in 69.24 ms
[20:51:47] [Server thread/DEBUG] [REI] ========================================
[20:51:47] [Server thread/DEBUG] [REI] REICommonPlugin ended main-reload for END in 84.89 ms.
[20:51:47] [Server thread/DEBUG] [REI] ========================================
[20:51:47] [Server thread/DEBUG] [REI] ========================================
[20:51:47] [Server thread/DEBUG] [REI] REICommonPlugin starting post-reload for END.
[20:51:47] [Server thread/DEBUG] [REI] Reloadables (8):
[20:51:47] [Server thread/DEBUG] [REI]  - SlotAccessorRegistryImpl
[20:51:47] [Server thread/DEBUG] [REI]  - EntryTypeRegistryImpl
[20:51:47] [Server thread/DEBUG] [REI]  - EntrySettingsAdapterRegistryImpl
[20:51:47] [Server thread/DEBUG] [REI]  - ItemComparatorRegistryImpl
[20:51:47] [Server thread/DEBUG] [REI]  - FluidComparatorRegistryImpl
[20:51:47] [Server thread/DEBUG] [REI]  - DisplaySerializerRegistryImpl
[20:51:47] [Server thread/DEBUG] [REI]  - ServerDisplayRegistryImpl
[20:51:47] [Server thread/DEBUG] [REI]  - FluidSupportProviderImpl
[20:51:47] [Server thread/DEBUG] [REI] Plugins (3):
[20:51:47] [Server thread/DEBUG] [REI]  - (-100.00) DefaultPlugin of DefaultPlugin [roughlyenoughitems]
[20:51:47] [Server thread/DEBUG] [REI]  - (0.00) FabricFluidAPISupportPlugin
[20:51:47] [Server thread/DEBUG] [REI]  - (0.00) DefaultRuntimePlugin of DefaultRuntimePlugin [roughlyenoughitems]
[20:51:47] [Server thread/DEBUG] [REI] ========================================
[20:51:47] [Server thread/TRACE] [REI] [REICommonPlugin END] Reloading Section: "post-register/"
[20:51:47] [Server thread/TRACE] [REI] [REICommonPlugin END] Reloading Section: "post-register/DefaultPlugin of DefaultPlugin [roughlyenoughitems]/"
[20:51:47] [Server thread/TRACE] [REI] [REICommonPlugin END] Reloading Section: "post-register/DefaultPlugin of DefaultPlugin [roughlyenoughitems]/" done in 57.73 μs
[20:51:47] [Server thread/TRACE] [REI] [REICommonPlugin END] Reloading Section: "post-register/FabricFluidAPISupportPlugin/"
[20:51:47] [Server thread/TRACE] [REI] [REICommonPlugin END] Reloading Section: "post-register/FabricFluidAPISupportPlugin/" done in 51.78 μs
[20:51:47] [Server thread/TRACE] [REI] [REICommonPlugin END] Reloading Section: "post-register/DefaultRuntimePlugin of DefaultRuntimePlugin [roughlyenoughitems]/"
[20:51:47] [Server thread/TRACE] [REI] [REICommonPlugin END] Reloading Section: "post-register/DefaultRuntimePlugin of DefaultRuntimePlugin [roughlyenoughitems]/" done in 51.59 μs
[20:51:47] [Server thread/TRACE] [REI] [REICommonPlugin END] Reloading Section: "post-register/" done in 539.6 μs
[20:51:47] [Server thread/TRACE] [REI] [REICommonPlugin END] Reloading Section: "post-stage/"
[20:51:47] [Server thread/TRACE] [REI] [REICommonPlugin END] Reloading Section: "post-stage/SlotAccessorRegistryImpl/"
[20:51:47] [Server thread/TRACE] [REI] [REICommonPlugin END] Reloading Section: "post-stage/SlotAccessorRegistryImpl/" done in 48.15 μs
[20:51:47] [Server thread/TRACE] [REI] [REICommonPlugin END] Reloading Section: "post-stage/EntryTypeRegistryImpl/"
[20:51:47] [Server thread/TRACE] [REI] [REICommonPlugin END] Reloading Section: "post-stage/EntryTypeRegistryImpl/" done in 52.95 μs
[20:51:47] [Server thread/TRACE] [REI] [REICommonPlugin END] Reloading Section: "post-stage/EntrySettingsAdapterRegistryImpl/"
[20:51:47] [Server thread/TRACE] [REI] [REICommonPlugin END] Reloading Section: "post-stage/EntrySettingsAdapterRegistryImpl/" done in 49.21 μs
[20:51:47] [Server thread/TRACE] [REI] [REICommonPlugin END] Reloading Section: "post-stage/ItemComparatorRegistryImpl/"
[20:51:47] [Server thread/TRACE] [REI] [REICommonPlugin END] Reloading Section: "post-stage/ItemComparatorRegistryImpl/" done in 136.8 μs
[20:51:47] [Server thread/TRACE] [REI] [REICommonPlugin END] Reloading Section: "post-stage/FluidComparatorRegistryImpl/"
[20:51:47] [Server thread/TRACE] [REI] [REICommonPlugin END] Reloading Section: "post-stage/FluidComparatorRegistryImpl/" done in 47.65 μs
[20:51:47] [Server thread/TRACE] [REI] [REICommonPlugin END] Reloading Section: "post-stage/DisplaySerializerRegistryImpl/"
[20:51:47] [Server thread/TRACE] [REI] [REICommonPlugin END] Reloading Section: "post-stage/DisplaySerializerRegistryImpl/" done in 51.95 μs
[20:51:47] [Server thread/TRACE] [REI] [REICommonPlugin END] Reloading Section: "post-stage/ServerDisplayRegistryImpl/"
[20:51:47] [Server thread/TRACE] [REI] [REICommonPlugin END] Reloading Section: "post-stage/ServerDisplayRegistryImpl/" done in 53.27 μs
[20:51:47] [Server thread/TRACE] [REI] [REICommonPlugin END] Reloading Section: "post-stage/FluidSupportProviderImpl/"
[20:51:47] [Server thread/TRACE] [REI] [REICommonPlugin END] Reloading Section: "post-stage/FluidSupportProviderImpl/" done in 46.21 μs
[20:51:47] [Server thread/TRACE] [REI] [REICommonPlugin END] Reloading Section: "post-stage/" done in 1.275 ms
[20:51:47] [Server thread/DEBUG] [REI] ========================================
[20:51:47] [Server thread/INFO] [REI] REICommonPlugin finished post-reload for END in 1.968 ms, totaling 88.94 ms.
[20:51:47] [Server thread/DEBUG] [REI] ========================================
[20:51:48] [Server thread/DEBUG] [REI] Updating players with new displays version CD21C40400000001 [from CD21C40400000000]
[20:51:51] [Server thread/DEBUG] [REI] Player Zairac74509 has outdated displays version 0 [latest version: CD21C40400000001]
[20:51:51] [Server thread/DEBUG] [REI] Player Zairac74509 has outdated displays version 0 [latest version: CD21C40400000001], sending reset packet request.
[20:51:52] [Server thread/DEBUG] [REI] Player Camilxdk1 has outdated displays version 0 [latest version: CD21C40400000001]
[20:51:52] [Server thread/DEBUG] [REI] Player Camilxdk1 has outdated displays version 0 [latest version: CD21C40400000001], sending reset packet request.
